[0.021s] Invoking command in '/home/pain/Workspaces_ros2/ros2_py_ws/build/udemy_ros2_pkg': CMAKE_PREFIX_PATH=${CMAKE_PREFIX_PATH}:/opt/ros/humble /usr/bin/cmake --build /home/pain/Workspaces_ros2/ros2_py_ws/build/udemy_ros2_pkg -- -j4 -l4
[0.052s] -- Found ament_cmake: 1.3.4 (/opt/ros/humble/share/ament_cmake/cmake)
[0.260s] -- Found rclpy: 3.3.8 (/opt/ros/humble/share/rclpy/cmake)
[0.346s] -- Found ament_lint_auto: 0.12.6 (/opt/ros/humble/share/ament_lint_auto/cmake)
[0.476s] -- Added test 'flake8' to check Python code syntax and style conventions
[0.477s] -- Added test 'lint_cmake' to check CMake code style
[0.478s] -- Added test 'pep257' to check Python code against some of the docstring style conventions in PEP 257
[0.480s] -- Added test 'xmllint' to check XML markup files
[0.481s] -- Configuring done
[0.488s] -- Generating done
[0.490s] -- Build files have been written to: /home/pain/Workspaces_ros2/ros2_py_ws/build/udemy_ros2_pkg
[0.550s] Built target ament_cmake_python_copy_scripts
[0.904s] running egg_info
[0.905s] writing scripts.egg-info/PKG-INFO
[0.906s] writing dependency_links to scripts.egg-info/dependency_links.txt
[0.906s] writing top-level names to scripts.egg-info/top_level.txt
[0.910s] reading manifest file 'scripts.egg-info/SOURCES.txt'
[0.911s] writing manifest file 'scripts.egg-info/SOURCES.txt'
[0.960s] Built target ament_cmake_python_build_scripts_egg
[0.980s] Invoked command in '/home/pain/Workspaces_ros2/ros2_py_ws/build/udemy_ros2_pkg' returned '0': CMAKE_PREFIX_PATH=${CMAKE_PREFIX_PATH}:/opt/ros/humble /usr/bin/cmake --build /home/pain/Workspaces_ros2/ros2_py_ws/build/udemy_ros2_pkg -- -j4 -l4
[1.035s] Invoking command in '/home/pain/Workspaces_ros2/ros2_py_ws/build/udemy_ros2_pkg': CMAKE_PREFIX_PATH=${CMAKE_PREFIX_PATH}:/opt/ros/humble /usr/bin/cmake --install /home/pain/Workspaces_ros2/ros2_py_ws/build/udemy_ros2_pkg
[1.045s] -- Install configuration: ""
[1.045s] -- Up-to-date: /home/pain/Workspaces_ros2/ros2_py_ws/install/udemy_ros2_pkg/share/udemy_ros2_pkg/environment/pythonpath.sh
[1.046s] -- Installing: /home/pain/Workspaces_ros2/ros2_py_ws/install/udemy_ros2_pkg/share/udemy_ros2_pkg/environment/pythonpath.dsv
[1.046s] -- Up-to-date: /home/pain/Workspaces_ros2/ros2_py_ws/install/udemy_ros2_pkg/local/lib/python3.10/dist-packages/scripts-0.0.0-py3.10.egg-info
[1.046s] -- Installing: /home/pain/Workspaces_ros2/ros2_py_ws/install/udemy_ros2_pkg/local/lib/python3.10/dist-packages/scripts-0.0.0-py3.10.egg-info/dependency_links.txt
[1.047s] -- Installing: /home/pain/Workspaces_ros2/ros2_py_ws/install/udemy_ros2_pkg/local/lib/python3.10/dist-packages/scripts-0.0.0-py3.10.egg-info/PKG-INFO
[1.047s] -- Installing: /home/pain/Workspaces_ros2/ros2_py_ws/install/udemy_ros2_pkg/local/lib/python3.10/dist-packages/scripts-0.0.0-py3.10.egg-info/SOURCES.txt
[1.047s] -- Installing: /home/pain/Workspaces_ros2/ros2_py_ws/install/udemy_ros2_pkg/local/lib/python3.10/dist-packages/scripts-0.0.0-py3.10.egg-info/top_level.txt
[1.048s] -- Up-to-date: /home/pain/Workspaces_ros2/ros2_py_ws/install/udemy_ros2_pkg/local/lib/python3.10/dist-packages/scripts
[1.048s] -- Up-to-date: /home/pain/Workspaces_ros2/ros2_py_ws/install/udemy_ros2_pkg/local/lib/python3.10/dist-packages/scripts/__init__.py
[1.048s] -- Up-to-date: /home/pain/Workspaces_ros2/ros2_py_ws/install/udemy_ros2_pkg/local/lib/python3.10/dist-packages/scripts/publisher.py
[1.048s] -- Up-to-date: /home/pain/Workspaces_ros2/ros2_py_ws/install/udemy_ros2_pkg/local/lib/python3.10/dist-packages/scripts/subscriber.py
[1.097s] Listing '/home/pain/Workspaces_ros2/ros2_py_ws/install/udemy_ros2_pkg/local/lib/python3.10/dist-packages/scripts'...
[1.105s] -- Installing: /home/pain/Workspaces_ros2/ros2_py_ws/install/udemy_ros2_pkg/lib/udemy_ros2_pkg/publisher.py
[1.106s] -- Installing: /home/pain/Workspaces_ros2/ros2_py_ws/install/udemy_ros2_pkg/lib/udemy_ros2_pkg/subscriber.py
[1.106s] -- Up-to-date: /home/pain/Workspaces_ros2/ros2_py_ws/install/udemy_ros2_pkg/share/ament_index/resource_index/package_run_dependencies/udemy_ros2_pkg
[1.106s] -- Up-to-date: /home/pain/Workspaces_ros2/ros2_py_ws/install/udemy_ros2_pkg/share/ament_index/resource_index/parent_prefix_path/udemy_ros2_pkg
[1.106s] -- Up-to-date: /home/pain/Workspaces_ros2/ros2_py_ws/install/udemy_ros2_pkg/share/udemy_ros2_pkg/environment/ament_prefix_path.sh
[1.106s] -- Installing: /home/pain/Workspaces_ros2/ros2_py_ws/install/udemy_ros2_pkg/share/udemy_ros2_pkg/environment/ament_prefix_path.dsv
[1.107s] -- Up-to-date: /home/pain/Workspaces_ros2/ros2_py_ws/install/udemy_ros2_pkg/share/udemy_ros2_pkg/environment/path.sh
[1.107s] -- Installing: /home/pain/Workspaces_ros2/ros2_py_ws/install/udemy_ros2_pkg/share/udemy_ros2_pkg/environment/path.dsv
[1.107s] -- Up-to-date: /home/pain/Workspaces_ros2/ros2_py_ws/install/udemy_ros2_pkg/share/udemy_ros2_pkg/local_setup.bash
[1.107s] -- Up-to-date: /home/pain/Workspaces_ros2/ros2_py_ws/install/udemy_ros2_pkg/share/udemy_ros2_pkg/local_setup.sh
[1.107s] -- Up-to-date: /home/pain/Workspaces_ros2/ros2_py_ws/install/udemy_ros2_pkg/share/udemy_ros2_pkg/local_setup.zsh
[1.108s] -- Installing: /home/pain/Workspaces_ros2/ros2_py_ws/install/udemy_ros2_pkg/share/udemy_ros2_pkg/local_setup.dsv
[1.108s] -- Installing: /home/pain/Workspaces_ros2/ros2_py_ws/install/udemy_ros2_pkg/share/udemy_ros2_pkg/package.dsv
[1.108s] -- Up-to-date: /home/pain/Workspaces_ros2/ros2_py_ws/install/udemy_ros2_pkg/share/ament_index/resource_index/packages/udemy_ros2_pkg
[1.108s] -- Up-to-date: /home/pain/Workspaces_ros2/ros2_py_ws/install/udemy_ros2_pkg/share/udemy_ros2_pkg/cmake/udemy_ros2_pkgConfig.cmake
[1.108s] -- Up-to-date: /home/pain/Workspaces_ros2/ros2_py_ws/install/udemy_ros2_pkg/share/udemy_ros2_pkg/cmake/udemy_ros2_pkgConfig-version.cmake
[1.108s] -- Up-to-date: /home/pain/Workspaces_ros2/ros2_py_ws/install/udemy_ros2_pkg/share/udemy_ros2_pkg/package.xml
[1.112s] Invoked command in '/home/pain/Workspaces_ros2/ros2_py_ws/build/udemy_ros2_pkg' returned '0': CMAKE_PREFIX_PATH=${CMAKE_PREFIX_PATH}:/opt/ros/humble /usr/bin/cmake --install /home/pain/Workspaces_ros2/ros2_py_ws/build/udemy_ros2_pkg
