[0.019s] Invoking command in '/home/pain/Workspaces_ros2/ros2_py_ws/build/udemy_ros2_pkg': CMAKE_PREFIX_PATH=${CMAKE_PREFIX_PATH}:/opt/ros/humble /usr/bin/cmake --build /home/pain/Workspaces_ros2/ros2_py_ws/build/udemy_ros2_pkg -- -j4 -l4
[0.052s] -- Found ament_cmake: 1.3.4 (/opt/ros/humble/share/ament_cmake/cmake)
[0.282s] [31mCMake Error at CMakeLists.txt:11 (find_package):
[0.282s]   By not providing "Findrcply.cmake" in CMAKE_MODULE_PATH this project has
[0.282s]   asked CMake to find a package configuration file provided by "rcply", but
[0.283s]   CMake did not find one.
[0.283s] 
[0.283s]   Could not find a package configuration file provided by "rcply" with any of
[0.283s]   the following names:
[0.283s] 
[0.283s]     rcplyConfig.cmake
[0.283s]     rcply-config.cmake
[0.283s] 
[0.284s]   Add the installation prefix of "rcply" to CMAKE_PREFIX_PATH or set
[0.284s]   "rcply_DIR" to a directory containing one of the above files.  If "rcply"
[0.284s]   provides a separate development package or SDK, be sure it has been
[0.284s]   installed.
[0.284s] 
[0.284s] [0m
[0.285s] -- Configuring incomplete, errors occurred!
[0.285s] See also "/home/pain/Workspaces_ros2/ros2_py_ws/build/udemy_ros2_pkg/CMakeFiles/CMakeOutput.log".
[0.286s] gmake: *** [Makefile:226: cmake_check_build_system] Error 1
[0.289s] Invoked command in '/home/pain/Workspaces_ros2/ros2_py_ws/build/udemy_ros2_pkg' returned '2': CMAKE_PREFIX_PATH=${CMAKE_PREFIX_PATH}:/opt/ros/humble /usr/bin/cmake --build /home/pain/Workspaces_ros2/ros2_py_ws/build/udemy_ros2_pkg -- -j4 -l4
