[0.023s] Invoking command in '/home/pain/Workspaces_ros2/ros2_py_ws/build/udemy_ros2_pkg': CMAKE_PREFIX_PATH=${CMAKE_PREFIX_PATH}:/opt/ros/humble /usr/bin/cmake --build /home/pain/Workspaces_ros2/ros2_py_ws/build/udemy_ros2_pkg -- -j4 -l4
[0.062s] -- Found ament_cmake: 1.3.4 (/opt/ros/humble/share/ament_cmake/cmake)
[0.277s] -- Found rclpy: 3.3.8 (/opt/ros/humble/share/rclpy/cmake)
[0.414s] -- Found ament_lint_auto: 0.12.6 (/opt/ros/humble/share/ament_lint_auto/cmake)
[0.520s] -- Added test 'flake8' to check Python code syntax and style conventions
[0.521s] -- Added test 'lint_cmake' to check CMake code style
[0.523s] -- Added test 'pep257' to check Python code against some of the docstring style conventions in PEP 257
[0.525s] -- Added test 'xmllint' to check XML markup files
[0.526s] -- Configuring done
[0.534s] -- Generating done
[0.537s] -- Build files have been written to: /home/pain/Workspaces_ros2/ros2_py_ws/build/udemy_ros2_pkg
[0.588s] Built target ament_cmake_python_copy_scripts
[0.949s] running egg_info
[0.950s] creating scripts.egg-info
[0.951s] writing scripts.egg-info/PKG-INFO
[0.951s] writing dependency_links to scripts.egg-info/dependency_links.txt
[0.951s] writing top-level names to scripts.egg-info/top_level.txt
[0.952s] writing manifest file 'scripts.egg-info/SOURCES.txt'
[0.955s] reading manifest file 'scripts.egg-info/SOURCES.txt'
[0.956s] writing manifest file 'scripts.egg-info/SOURCES.txt'
[0.992s] Built target ament_cmake_python_build_scripts_egg
[1.006s] Invoked command in '/home/pain/Workspaces_ros2/ros2_py_ws/build/udemy_ros2_pkg' returned '0': CMAKE_PREFIX_PATH=${CMAKE_PREFIX_PATH}:/opt/ros/humble /usr/bin/cmake --build /home/pain/Workspaces_ros2/ros2_py_ws/build/udemy_ros2_pkg -- -j4 -l4
[1.055s] Invoking command in '/home/pain/Workspaces_ros2/ros2_py_ws/build/udemy_ros2_pkg': CMAKE_PREFIX_PATH=${CMAKE_PREFIX_PATH}:/opt/ros/humble /usr/bin/cmake --install /home/pain/Workspaces_ros2/ros2_py_ws/build/udemy_ros2_pkg
[1.065s] -- Install configuration: ""
[1.065s] -- Installing: /home/pain/Workspaces_ros2/ros2_py_ws/install/udemy_ros2_pkg/share/udemy_ros2_pkg/environment/pythonpath.sh
[1.066s] -- Installing: /home/pain/Workspaces_ros2/ros2_py_ws/install/udemy_ros2_pkg/share/udemy_ros2_pkg/environment/pythonpath.dsv
[1.066s] -- Installing: /home/pain/Workspaces_ros2/ros2_py_ws/install/udemy_ros2_pkg/local/lib/python3.10/dist-packages/scripts-0.0.0-py3.10.egg-info
[1.066s] -- Installing: /home/pain/Workspaces_ros2/ros2_py_ws/install/udemy_ros2_pkg/local/lib/python3.10/dist-packages/scripts-0.0.0-py3.10.egg-info/dependency_links.txt
[1.066s] -- Installing: /home/pain/Workspaces_ros2/ros2_py_ws/install/udemy_ros2_pkg/local/lib/python3.10/dist-packages/scripts-0.0.0-py3.10.egg-info/PKG-INFO
[1.067s] -- Installing: /home/pain/Workspaces_ros2/ros2_py_ws/install/udemy_ros2_pkg/local/lib/python3.10/dist-packages/scripts-0.0.0-py3.10.egg-info/SOURCES.txt
[1.067s] -- Installing: /home/pain/Workspaces_ros2/ros2_py_ws/install/udemy_ros2_pkg/local/lib/python3.10/dist-packages/scripts-0.0.0-py3.10.egg-info/top_level.txt
[1.067s] -- Installing: /home/pain/Workspaces_ros2/ros2_py_ws/install/udemy_ros2_pkg/local/lib/python3.10/dist-packages/scripts
[1.067s] -- Installing: /home/pain/Workspaces_ros2/ros2_py_ws/install/udemy_ros2_pkg/local/lib/python3.10/dist-packages/scripts/__init__.py
[1.068s] -- Installing: /home/pain/Workspaces_ros2/ros2_py_ws/install/udemy_ros2_pkg/local/lib/python3.10/dist-packages/scripts/publisher.py
[1.068s] -- Installing: /home/pain/Workspaces_ros2/ros2_py_ws/install/udemy_ros2_pkg/local/lib/python3.10/dist-packages/scripts/subscriber.py
[1.111s] Listing '/home/pain/Workspaces_ros2/ros2_py_ws/install/udemy_ros2_pkg/local/lib/python3.10/dist-packages/scripts'...
[1.111s] Compiling '/home/pain/Workspaces_ros2/ros2_py_ws/install/udemy_ros2_pkg/local/lib/python3.10/dist-packages/scripts/__init__.py'...
[1.111s] Compiling '/home/pain/Workspaces_ros2/ros2_py_ws/install/udemy_ros2_pkg/local/lib/python3.10/dist-packages/scripts/publisher.py'...
[1.111s] Compiling '/home/pain/Workspaces_ros2/ros2_py_ws/install/udemy_ros2_pkg/local/lib/python3.10/dist-packages/scripts/subscriber.py'...
[1.118s] -- Installing: /home/pain/Workspaces_ros2/ros2_py_ws/install/udemy_ros2_pkg/lib/$(PROJECT_NAME)/publisher.py
[1.118s] -- Installing: /home/pain/Workspaces_ros2/ros2_py_ws/install/udemy_ros2_pkg/lib/$(PROJECT_NAME)/subscriber.py
[1.118s] -- Installing: /home/pain/Workspaces_ros2/ros2_py_ws/install/udemy_ros2_pkg/share/ament_index/resource_index/package_run_dependencies/udemy_ros2_pkg
[1.118s] -- Installing: /home/pain/Workspaces_ros2/ros2_py_ws/install/udemy_ros2_pkg/share/ament_index/resource_index/parent_prefix_path/udemy_ros2_pkg
[1.119s] -- Up-to-date: /home/pain/Workspaces_ros2/ros2_py_ws/install/udemy_ros2_pkg/share/udemy_ros2_pkg/environment/ament_prefix_path.sh
[1.119s] -- Installing: /home/pain/Workspaces_ros2/ros2_py_ws/install/udemy_ros2_pkg/share/udemy_ros2_pkg/environment/ament_prefix_path.dsv
[1.119s] -- Up-to-date: /home/pain/Workspaces_ros2/ros2_py_ws/install/udemy_ros2_pkg/share/udemy_ros2_pkg/environment/path.sh
[1.120s] -- Installing: /home/pain/Workspaces_ros2/ros2_py_ws/install/udemy_ros2_pkg/share/udemy_ros2_pkg/environment/path.dsv
[1.120s] -- Up-to-date: /home/pain/Workspaces_ros2/ros2_py_ws/install/udemy_ros2_pkg/share/udemy_ros2_pkg/local_setup.bash
[1.120s] -- Installing: /home/pain/Workspaces_ros2/ros2_py_ws/install/udemy_ros2_pkg/share/udemy_ros2_pkg/local_setup.sh
[1.120s] -- Up-to-date: /home/pain/Workspaces_ros2/ros2_py_ws/install/udemy_ros2_pkg/share/udemy_ros2_pkg/local_setup.zsh
[1.120s] -- Installing: /home/pain/Workspaces_ros2/ros2_py_ws/install/udemy_ros2_pkg/share/udemy_ros2_pkg/local_setup.dsv
[1.120s] -- Installing: /home/pain/Workspaces_ros2/ros2_py_ws/install/udemy_ros2_pkg/share/udemy_ros2_pkg/package.dsv
[1.121s] -- Up-to-date: /home/pain/Workspaces_ros2/ros2_py_ws/install/udemy_ros2_pkg/share/ament_index/resource_index/packages/udemy_ros2_pkg
[1.121s] -- Up-to-date: /home/pain/Workspaces_ros2/ros2_py_ws/install/udemy_ros2_pkg/share/udemy_ros2_pkg/cmake/udemy_ros2_pkgConfig.cmake
[1.121s] -- Up-to-date: /home/pain/Workspaces_ros2/ros2_py_ws/install/udemy_ros2_pkg/share/udemy_ros2_pkg/cmake/udemy_ros2_pkgConfig-version.cmake
[1.121s] -- Installing: /home/pain/Workspaces_ros2/ros2_py_ws/install/udemy_ros2_pkg/share/udemy_ros2_pkg/package.xml
[1.125s] Invoked command in '/home/pain/Workspaces_ros2/ros2_py_ws/build/udemy_ros2_pkg' returned '0': CMAKE_PREFIX_PATH=${CMAKE_PREFIX_PATH}:/opt/ros/humble /usr/bin/cmake --install /home/pain/Workspaces_ros2/ros2_py_ws/build/udemy_ros2_pkg
