[0.021s] Invoking command in '/home/pain/Workspaces_ros2/ros2_py_ws/build/udemy_ros2_pkg': CMAKE_PREFIX_PATH=/opt/ros/humble /usr/bin/cmake /home/pain/Workspaces_ros2/ros2_py_ws/src/udemy_ros2_pkg -DCMAKE_INSTALL_PREFIX=/home/pain/Workspaces_ros2/ros2_py_ws/install/udemy_ros2_pkg
[0.105s] -- The C compiler identification is GNU 11.3.0
[0.190s] -- The CXX compiler identification is GNU 11.3.0
[0.200s] -- Detecting C compiler ABI info
[0.296s] -- Detecting C compiler ABI info - done
[0.307s] -- Check for working C compiler: /usr/bin/cc - skipped
[0.307s] -- Detecting C compile features
[0.308s] -- Detecting C compile features - done
[0.312s] -- Detecting CXX compiler ABI info
[0.435s] -- Detecting CXX compiler ABI info - done
[0.448s] -- Check for working CXX compiler: /usr/bin/c++ - skipped
[0.448s] -- Detecting CXX compile features
[0.450s] -- Detecting CXX compile features - done
[0.453s] -- Found ament_cmake: 1.3.4 (/opt/ros/humble/share/ament_cmake/cmake)
[0.726s] -- Found Python3: /usr/bin/python3.10 (found version "3.10.6") found components: Interpreter 
[0.855s] -- Found ament_lint_auto: 0.12.6 (/opt/ros/humble/share/ament_lint_auto/cmake)
[0.963s] -- Added test 'lint_cmake' to check CMake code style
[0.965s] -- Added test 'xmllint' to check XML markup files
[0.967s] -- Configuring done
[0.971s] -- Generating done
[0.973s] -- Build files have been written to: /home/pain/Workspaces_ros2/ros2_py_ws/build/udemy_ros2_pkg
[0.980s] Invoked command in '/home/pain/Workspaces_ros2/ros2_py_ws/build/udemy_ros2_pkg' returned '0': CMAKE_PREFIX_PATH=/opt/ros/humble /usr/bin/cmake /home/pain/Workspaces_ros2/ros2_py_ws/src/udemy_ros2_pkg -DCMAKE_INSTALL_PREFIX=/home/pain/Workspaces_ros2/ros2_py_ws/install/udemy_ros2_pkg
[0.982s] Invoking command in '/home/pain/Workspaces_ros2/ros2_py_ws/build/udemy_ros2_pkg': CMAKE_PREFIX_PATH=/opt/ros/humble /usr/bin/cmake --build /home/pain/Workspaces_ros2/ros2_py_ws/build/udemy_ros2_pkg -- -j4 -l4
[1.033s] Invoked command in '/home/pain/Workspaces_ros2/ros2_py_ws/build/udemy_ros2_pkg' returned '0': CMAKE_PREFIX_PATH=/opt/ros/humble /usr/bin/cmake --build /home/pain/Workspaces_ros2/ros2_py_ws/build/udemy_ros2_pkg -- -j4 -l4
[1.075s] Invoking command in '/home/pain/Workspaces_ros2/ros2_py_ws/build/udemy_ros2_pkg': CMAKE_PREFIX_PATH=/opt/ros/humble /usr/bin/cmake --install /home/pain/Workspaces_ros2/ros2_py_ws/build/udemy_ros2_pkg
[1.085s] -- Install configuration: ""
[1.086s] -- Installing: /home/pain/Workspaces_ros2/ros2_py_ws/install/udemy_ros2_pkg/share/ament_index/resource_index/package_run_dependencies/udemy_ros2_pkg
[1.086s] -- Installing: /home/pain/Workspaces_ros2/ros2_py_ws/install/udemy_ros2_pkg/share/ament_index/resource_index/parent_prefix_path/udemy_ros2_pkg
[1.086s] -- Installing: /home/pain/Workspaces_ros2/ros2_py_ws/install/udemy_ros2_pkg/share/udemy_ros2_pkg/environment/ament_prefix_path.sh
[1.087s] -- Installing: /home/pain/Workspaces_ros2/ros2_py_ws/install/udemy_ros2_pkg/share/udemy_ros2_pkg/environment/ament_prefix_path.dsv
[1.087s] -- Installing: /home/pain/Workspaces_ros2/ros2_py_ws/install/udemy_ros2_pkg/share/udemy_ros2_pkg/environment/path.sh
[1.087s] -- Installing: /home/pain/Workspaces_ros2/ros2_py_ws/install/udemy_ros2_pkg/share/udemy_ros2_pkg/environment/path.dsv
[1.088s] -- Installing: /home/pain/Workspaces_ros2/ros2_py_ws/install/udemy_ros2_pkg/share/udemy_ros2_pkg/local_setup.bash
[1.088s] -- Installing: /home/pain/Workspaces_ros2/ros2_py_ws/install/udemy_ros2_pkg/share/udemy_ros2_pkg/local_setup.sh
[1.088s] -- Installing: /home/pain/Workspaces_ros2/ros2_py_ws/install/udemy_ros2_pkg/share/udemy_ros2_pkg/local_setup.zsh
[1.089s] -- Installing: /home/pain/Workspaces_ros2/ros2_py_ws/install/udemy_ros2_pkg/share/udemy_ros2_pkg/local_setup.dsv
[1.089s] -- Installing: /home/pain/Workspaces_ros2/ros2_py_ws/install/udemy_ros2_pkg/share/udemy_ros2_pkg/package.dsv
[1.089s] -- Installing: /home/pain/Workspaces_ros2/ros2_py_ws/install/udemy_ros2_pkg/share/ament_index/resource_index/packages/udemy_ros2_pkg
[1.090s] -- Installing: /home/pain/Workspaces_ros2/ros2_py_ws/install/udemy_ros2_pkg/share/udemy_ros2_pkg/cmake/udemy_ros2_pkgConfig.cmake
[1.090s] -- Installing: /home/pain/Workspaces_ros2/ros2_py_ws/install/udemy_ros2_pkg/share/udemy_ros2_pkg/cmake/udemy_ros2_pkgConfig-version.cmake
[1.090s] -- Installing: /home/pain/Workspaces_ros2/ros2_py_ws/install/udemy_ros2_pkg/share/udemy_ros2_pkg/package.xml
[1.094s] Invoked command in '/home/pain/Workspaces_ros2/ros2_py_ws/build/udemy_ros2_pkg' returned '0': CMAKE_PREFIX_PATH=/opt/ros/humble /usr/bin/cmake --install /home/pain/Workspaces_ros2/ros2_py_ws/build/udemy_ros2_pkg
