[0.028s] Invoking command in '/home/pain/Workspaces/ros2_py_ws/build/udemy_ros2_pkg': CMAKE_PREFIX_PATH=/opt/ros/humble /usr/bin/cmake /home/pain/Workspaces/ros2_py_ws/src/udemy_ros2_pkg -DCMAKE_INSTALL_PREFIX=/home/pain/Workspaces/ros2_py_ws/install/udemy_ros2_pkg
[0.334s] -- The C compiler identification is GNU 11.3.0
[0.525s] -- The CXX compiler identification is GNU 11.3.0
[0.554s] -- Detecting C compiler ABI info
[0.796s] -- Detecting C compiler ABI info - done
[0.808s] -- Check for working C compiler: /usr/bin/cc - skipped
[0.812s] -- Detecting C compile features
[0.814s] -- Detecting C compile features - done
[0.822s] -- Detecting CXX compiler ABI info
[1.040s] -- Detecting CXX compiler ABI info - done
[1.062s] -- Check for working CXX compiler: /usr/bin/c++ - skipped
[1.063s] -- Detecting CXX compile features
[1.064s] -- Detecting CXX compile features - done
[1.073s] -- Found ament_cmake: 1.3.4 (/opt/ros/humble/share/ament_cmake/cmake)
[1.383s] -- Found Python3: /usr/bin/python3.10 (found version "3.10.6") found components: Interpreter 
[1.526s] -- Found ament_lint_auto: 0.12.6 (/opt/ros/humble/share/ament_lint_auto/cmake)
[1.675s] -- Added test 'lint_cmake' to check CMake code style
[1.678s] -- Added test 'xmllint' to check XML markup files
[1.682s] -- Configuring done
[1.692s] -- Generating done
[1.697s] -- Build files have been written to: /home/pain/Workspaces/ros2_py_ws/build/udemy_ros2_pkg
[1.709s] Invoked command in '/home/pain/Workspaces/ros2_py_ws/build/udemy_ros2_pkg' returned '0': CMAKE_PREFIX_PATH=/opt/ros/humble /usr/bin/cmake /home/pain/Workspaces/ros2_py_ws/src/udemy_ros2_pkg -DCMAKE_INSTALL_PREFIX=/home/pain/Workspaces/ros2_py_ws/install/udemy_ros2_pkg
[1.710s] Invoking command in '/home/pain/Workspaces/ros2_py_ws/build/udemy_ros2_pkg': CMAKE_PREFIX_PATH=/opt/ros/humble /usr/bin/cmake --build /home/pain/Workspaces/ros2_py_ws/build/udemy_ros2_pkg -- -j4 -l4
[1.793s] Invoked command in '/home/pain/Workspaces/ros2_py_ws/build/udemy_ros2_pkg' returned '0': CMAKE_PREFIX_PATH=/opt/ros/humble /usr/bin/cmake --build /home/pain/Workspaces/ros2_py_ws/build/udemy_ros2_pkg -- -j4 -l4
[1.870s] Invoking command in '/home/pain/Workspaces/ros2_py_ws/build/udemy_ros2_pkg': CMAKE_PREFIX_PATH=/opt/ros/humble /usr/bin/cmake --install /home/pain/Workspaces/ros2_py_ws/build/udemy_ros2_pkg
[1.888s] -- Install configuration: ""
[1.890s] -- Installing: /home/pain/Workspaces/ros2_py_ws/install/udemy_ros2_pkg/share/ament_index/resource_index/package_run_dependencies/udemy_ros2_pkg
[1.892s] -- Installing: /home/pain/Workspaces/ros2_py_ws/install/udemy_ros2_pkg/share/ament_index/resource_index/parent_prefix_path/udemy_ros2_pkg
[1.894s] -- Installing: /home/pain/Workspaces/ros2_py_ws/install/udemy_ros2_pkg/share/udemy_ros2_pkg/environment/ament_prefix_path.sh
[1.896s] -- Installing: /home/pain/Workspaces/ros2_py_ws/install/udemy_ros2_pkg/share/udemy_ros2_pkg/environment/ament_prefix_path.dsv
[1.897s] -- Installing: /home/pain/Workspaces/ros2_py_ws/install/udemy_ros2_pkg/share/udemy_ros2_pkg/environment/path.sh
[1.898s] -- Installing: /home/pain/Workspaces/ros2_py_ws/install/udemy_ros2_pkg/share/udemy_ros2_pkg/environment/path.dsv
[1.898s] -- Installing: /home/pain/Workspaces/ros2_py_ws/install/udemy_ros2_pkg/share/udemy_ros2_pkg/local_setup.bash
[1.900s] -- Installing: /home/pain/Workspaces/ros2_py_ws/install/udemy_ros2_pkg/share/udemy_ros2_pkg/local_setup.sh
[1.901s] -- Installing: /home/pain/Workspaces/ros2_py_ws/install/udemy_ros2_pkg/share/udemy_ros2_pkg/local_setup.zsh
[1.905s] -- Installing: /home/pain/Workspaces/ros2_py_ws/install/udemy_ros2_pkg/share/udemy_ros2_pkg/local_setup.dsv
[1.907s] -- Installing: /home/pain/Workspaces/ros2_py_ws/install/udemy_ros2_pkg/share/udemy_ros2_pkg/package.dsv
[1.909s] -- Installing: /home/pain/Workspaces/ros2_py_ws/install/udemy_ros2_pkg/share/ament_index/resource_index/packages/udemy_ros2_pkg
[1.910s] -- Installing: /home/pain/Workspaces/ros2_py_ws/install/udemy_ros2_pkg/share/udemy_ros2_pkg/cmake/udemy_ros2_pkgConfig.cmake
[1.911s] -- Installing: /home/pain/Workspaces/ros2_py_ws/install/udemy_ros2_pkg/share/udemy_ros2_pkg/cmake/udemy_ros2_pkgConfig-version.cmake
[1.912s] -- Installing: /home/pain/Workspaces/ros2_py_ws/install/udemy_ros2_pkg/share/udemy_ros2_pkg/package.xml
[1.924s] Invoked command in '/home/pain/Workspaces/ros2_py_ws/build/udemy_ros2_pkg' returned '0': CMAKE_PREFIX_PATH=/opt/ros/humble /usr/bin/cmake --install /home/pain/Workspaces/ros2_py_ws/build/udemy_ros2_pkg
