[1.012s] Invoking command in '/home/pain/Workspaces_ros2/ros2_py_ws/src/my_py_pkg': PYTHONPATH=/home/pain/Workspaces_ros2/ros2_py_ws/build/my_py_pkg/prefix_override:/home/pain/Workspaces_ros2/ros2_py_ws/install/my_py_pkg/lib/python3.10/site-packages:${PYTHONPATH} /usr/bin/python3 setup.py egg_info --egg-base ../../build/my_py_pkg build --build-base /home/pain/Workspaces_ros2/ros2_py_ws/build/my_py_pkg/build install --record /home/pain/Workspaces_ros2/ros2_py_ws/build/my_py_pkg/install.log --single-version-externally-managed
[1.392s] running egg_info
[1.393s] creating ../../build/my_py_pkg/my_py_pkg.egg-info
[1.393s] writing ../../build/my_py_pkg/my_py_pkg.egg-info/PKG-INFO
[1.394s] writing dependency_links to ../../build/my_py_pkg/my_py_pkg.egg-info/dependency_links.txt
[1.394s] writing entry points to ../../build/my_py_pkg/my_py_pkg.egg-info/entry_points.txt
[1.394s] writing requirements to ../../build/my_py_pkg/my_py_pkg.egg-info/requires.txt
[1.394s] writing top-level names to ../../build/my_py_pkg/my_py_pkg.egg-info/top_level.txt
[1.395s] writing manifest file '../../build/my_py_pkg/my_py_pkg.egg-info/SOURCES.txt'
[1.398s] reading manifest file '../../build/my_py_pkg/my_py_pkg.egg-info/SOURCES.txt'
[1.400s] writing manifest file '../../build/my_py_pkg/my_py_pkg.egg-info/SOURCES.txt'
[1.400s] running build
[1.401s] running build_py
[1.401s] creating /home/pain/Workspaces_ros2/ros2_py_ws/build/my_py_pkg/build
[1.402s] creating /home/pain/Workspaces_ros2/ros2_py_ws/build/my_py_pkg/build/lib
[1.402s] creating /home/pain/Workspaces_ros2/ros2_py_ws/build/my_py_pkg/build/lib/my_py_pkg
[1.402s] copying my_py_pkg/__init__.py -> /home/pain/Workspaces_ros2/ros2_py_ws/build/my_py_pkg/build/lib/my_py_pkg
[1.402s] copying my_py_pkg/publisher2.py -> /home/pain/Workspaces_ros2/ros2_py_ws/build/my_py_pkg/build/lib/my_py_pkg
[1.402s] copying my_py_pkg/subscriber2.py -> /home/pain/Workspaces_ros2/ros2_py_ws/build/my_py_pkg/build/lib/my_py_pkg
[1.402s] running install
[1.403s] /usr/lib/python3/dist-packages/setuptools/command/install.py:34: SetuptoolsDeprecationWarning: setup.py install is deprecated. Use build and pip and other standards-based tools.
[1.403s]   warnings.warn(
[1.404s] running install_lib
[1.406s] creating /home/pain/Workspaces_ros2/ros2_py_ws/install/my_py_pkg/lib/python3.10/site-packages/my_py_pkg
[1.406s] copying /home/pain/Workspaces_ros2/ros2_py_ws/build/my_py_pkg/build/lib/my_py_pkg/__init__.py -> /home/pain/Workspaces_ros2/ros2_py_ws/install/my_py_pkg/lib/python3.10/site-packages/my_py_pkg
[1.406s] copying /home/pain/Workspaces_ros2/ros2_py_ws/build/my_py_pkg/build/lib/my_py_pkg/publisher2.py -> /home/pain/Workspaces_ros2/ros2_py_ws/install/my_py_pkg/lib/python3.10/site-packages/my_py_pkg
[1.407s] copying /home/pain/Workspaces_ros2/ros2_py_ws/build/my_py_pkg/build/lib/my_py_pkg/subscriber2.py -> /home/pain/Workspaces_ros2/ros2_py_ws/install/my_py_pkg/lib/python3.10/site-packages/my_py_pkg
[1.407s] byte-compiling /home/pain/Workspaces_ros2/ros2_py_ws/install/my_py_pkg/lib/python3.10/site-packages/my_py_pkg/__init__.py to __init__.cpython-310.pyc
[1.408s] byte-compiling /home/pain/Workspaces_ros2/ros2_py_ws/install/my_py_pkg/lib/python3.10/site-packages/my_py_pkg/publisher2.py to publisher2.cpython-310.pyc
[1.409s] byte-compiling /home/pain/Workspaces_ros2/ros2_py_ws/install/my_py_pkg/lib/python3.10/site-packages/my_py_pkg/subscriber2.py to subscriber2.cpython-310.pyc
[1.410s] running install_data
[1.411s] creating /home/pain/Workspaces_ros2/ros2_py_ws/install/my_py_pkg/share/ament_index
[1.411s] creating /home/pain/Workspaces_ros2/ros2_py_ws/install/my_py_pkg/share/ament_index/resource_index
[1.412s] creating /home/pain/Workspaces_ros2/ros2_py_ws/install/my_py_pkg/share/ament_index/resource_index/packages
[1.412s] copying resource/my_py_pkg -> /home/pain/Workspaces_ros2/ros2_py_ws/install/my_py_pkg/share/ament_index/resource_index/packages
[1.412s] copying package.xml -> /home/pain/Workspaces_ros2/ros2_py_ws/install/my_py_pkg/share/my_py_pkg
[1.412s] running install_egg_info
[1.415s] Copying ../../build/my_py_pkg/my_py_pkg.egg-info to /home/pain/Workspaces_ros2/ros2_py_ws/install/my_py_pkg/lib/python3.10/site-packages/my_py_pkg-0.0.0-py3.10.egg-info
[1.416s] running install_scripts
[1.452s] Installing my_publisher script to /home/pain/Workspaces_ros2/ros2_py_ws/install/my_py_pkg/lib/my_py_pkg
[1.452s] Installing my_subscriber script to /home/pain/Workspaces_ros2/ros2_py_ws/install/my_py_pkg/lib/my_py_pkg
[1.453s] writing list of installed files to '/home/pain/Workspaces_ros2/ros2_py_ws/build/my_py_pkg/install.log'
[1.497s] Invoked command in '/home/pain/Workspaces_ros2/ros2_py_ws/src/my_py_pkg' returned '0': PYTHONPATH=/home/pain/Workspaces_ros2/ros2_py_ws/build/my_py_pkg/prefix_override:/home/pain/Workspaces_ros2/ros2_py_ws/install/my_py_pkg/lib/python3.10/site-packages:${PYTHONPATH} /usr/bin/python3 setup.py egg_info --egg-base ../../build/my_py_pkg build --build-base /home/pain/Workspaces_ros2/ros2_py_ws/build/my_py_pkg/build install --record /home/pain/Workspaces_ros2/ros2_py_ws/build/my_py_pkg/install.log --single-version-externally-managed
