[0.019s] Invoking command in '/home/pain/Workspaces_ros2/ros2_py_ws/build/udemy_ros2_pkg': CMAKE_PREFIX_PATH=${CMAKE_PREFIX_PATH}:/opt/ros/humble /usr/bin/cmake --build /home/pain/Workspaces_ros2/ros2_py_ws/build/udemy_ros2_pkg -- -j4 -l4
[0.097s] Built target ament_cmake_python_copy_scripts
[0.475s] running egg_info
[0.476s] writing scripts.egg-info/PKG-INFO
[0.476s] writing dependency_links to scripts.egg-info/dependency_links.txt
[0.476s] writing top-level names to scripts.egg-info/top_level.txt
[0.480s] reading manifest file 'scripts.egg-info/SOURCES.txt'
[0.481s] writing manifest file 'scripts.egg-info/SOURCES.txt'
[0.524s] Built target ament_cmake_python_build_scripts_egg
[0.545s] Invoked command in '/home/pain/Workspaces_ros2/ros2_py_ws/build/udemy_ros2_pkg' returned '0': CMAKE_PREFIX_PATH=${CMAKE_PREFIX_PATH}:/opt/ros/humble /usr/bin/cmake --build /home/pain/Workspaces_ros2/ros2_py_ws/build/udemy_ros2_pkg -- -j4 -l4
[0.591s] Invoking command in '/home/pain/Workspaces_ros2/ros2_py_ws/build/udemy_ros2_pkg': CMAKE_PREFIX_PATH=${CMAKE_PREFIX_PATH}:/opt/ros/humble /usr/bin/cmake --install /home/pain/Workspaces_ros2/ros2_py_ws/build/udemy_ros2_pkg
[0.601s] -- Install configuration: ""
[0.602s] -- Up-to-date: /home/pain/Workspaces_ros2/ros2_py_ws/install/udemy_ros2_pkg/share/udemy_ros2_pkg/environment/pythonpath.sh
[0.602s] -- Up-to-date: /home/pain/Workspaces_ros2/ros2_py_ws/install/udemy_ros2_pkg/share/udemy_ros2_pkg/environment/pythonpath.dsv
[0.602s] -- Up-to-date: /home/pain/Workspaces_ros2/ros2_py_ws/install/udemy_ros2_pkg/local/lib/python3.10/dist-packages/scripts-0.0.0-py3.10.egg-info
[0.603s] -- Installing: /home/pain/Workspaces_ros2/ros2_py_ws/install/udemy_ros2_pkg/local/lib/python3.10/dist-packages/scripts-0.0.0-py3.10.egg-info/dependency_links.txt
[0.604s] -- Installing: /home/pain/Workspaces_ros2/ros2_py_ws/install/udemy_ros2_pkg/local/lib/python3.10/dist-packages/scripts-0.0.0-py3.10.egg-info/PKG-INFO
[0.605s] -- Installing: /home/pain/Workspaces_ros2/ros2_py_ws/install/udemy_ros2_pkg/local/lib/python3.10/dist-packages/scripts-0.0.0-py3.10.egg-info/SOURCES.txt
[0.605s] -- Installing: /home/pain/Workspaces_ros2/ros2_py_ws/install/udemy_ros2_pkg/local/lib/python3.10/dist-packages/scripts-0.0.0-py3.10.egg-info/top_level.txt
[0.605s] -- Up-to-date: /home/pain/Workspaces_ros2/ros2_py_ws/install/udemy_ros2_pkg/local/lib/python3.10/dist-packages/scripts
[0.605s] -- Up-to-date: /home/pain/Workspaces_ros2/ros2_py_ws/install/udemy_ros2_pkg/local/lib/python3.10/dist-packages/scripts/__init__.py
[0.606s] -- Up-to-date: /home/pain/Workspaces_ros2/ros2_py_ws/install/udemy_ros2_pkg/local/lib/python3.10/dist-packages/scripts/publisher.py
[0.606s] -- Installing: /home/pain/Workspaces_ros2/ros2_py_ws/install/udemy_ros2_pkg/local/lib/python3.10/dist-packages/scripts/subscriber.py
[0.655s] Listing '/home/pain/Workspaces_ros2/ros2_py_ws/install/udemy_ros2_pkg/local/lib/python3.10/dist-packages/scripts'...
[0.655s] Compiling '/home/pain/Workspaces_ros2/ros2_py_ws/install/udemy_ros2_pkg/local/lib/python3.10/dist-packages/scripts/subscriber.py'...
[0.664s] -- Up-to-date: /home/pain/Workspaces_ros2/ros2_py_ws/install/udemy_ros2_pkg/lib/udemy_ros2_pkg/publisher.py
[0.664s] -- Installing: /home/pain/Workspaces_ros2/ros2_py_ws/install/udemy_ros2_pkg/lib/udemy_ros2_pkg/subscriber.py
[0.665s] -- Up-to-date: /home/pain/Workspaces_ros2/ros2_py_ws/install/udemy_ros2_pkg/share/ament_index/resource_index/package_run_dependencies/udemy_ros2_pkg
[0.665s] -- Up-to-date: /home/pain/Workspaces_ros2/ros2_py_ws/install/udemy_ros2_pkg/share/ament_index/resource_index/parent_prefix_path/udemy_ros2_pkg
[0.666s] -- Up-to-date: /home/pain/Workspaces_ros2/ros2_py_ws/install/udemy_ros2_pkg/share/udemy_ros2_pkg/environment/ament_prefix_path.sh
[0.666s] -- Up-to-date: /home/pain/Workspaces_ros2/ros2_py_ws/install/udemy_ros2_pkg/share/udemy_ros2_pkg/environment/ament_prefix_path.dsv
[0.667s] -- Up-to-date: /home/pain/Workspaces_ros2/ros2_py_ws/install/udemy_ros2_pkg/share/udemy_ros2_pkg/environment/path.sh
[0.667s] -- Up-to-date: /home/pain/Workspaces_ros2/ros2_py_ws/install/udemy_ros2_pkg/share/udemy_ros2_pkg/environment/path.dsv
[0.667s] -- Up-to-date: /home/pain/Workspaces_ros2/ros2_py_ws/install/udemy_ros2_pkg/share/udemy_ros2_pkg/local_setup.bash
[0.668s] -- Up-to-date: /home/pain/Workspaces_ros2/ros2_py_ws/install/udemy_ros2_pkg/share/udemy_ros2_pkg/local_setup.sh
[0.668s] -- Up-to-date: /home/pain/Workspaces_ros2/ros2_py_ws/install/udemy_ros2_pkg/share/udemy_ros2_pkg/local_setup.zsh
[0.669s] -- Up-to-date: /home/pain/Workspaces_ros2/ros2_py_ws/install/udemy_ros2_pkg/share/udemy_ros2_pkg/local_setup.dsv
[0.669s] -- Up-to-date: /home/pain/Workspaces_ros2/ros2_py_ws/install/udemy_ros2_pkg/share/udemy_ros2_pkg/package.dsv
[0.670s] -- Up-to-date: /home/pain/Workspaces_ros2/ros2_py_ws/install/udemy_ros2_pkg/share/ament_index/resource_index/packages/udemy_ros2_pkg
[0.670s] -- Up-to-date: /home/pain/Workspaces_ros2/ros2_py_ws/install/udemy_ros2_pkg/share/udemy_ros2_pkg/cmake/udemy_ros2_pkgConfig.cmake
[0.671s] -- Up-to-date: /home/pain/Workspaces_ros2/ros2_py_ws/install/udemy_ros2_pkg/share/udemy_ros2_pkg/cmake/udemy_ros2_pkgConfig-version.cmake
[0.671s] -- Up-to-date: /home/pain/Workspaces_ros2/ros2_py_ws/install/udemy_ros2_pkg/share/udemy_ros2_pkg/package.xml
[0.676s] Invoked command in '/home/pain/Workspaces_ros2/ros2_py_ws/build/udemy_ros2_pkg' returned '0': CMAKE_PREFIX_PATH=${CMAKE_PREFIX_PATH}:/opt/ros/humble /usr/bin/cmake --install /home/pain/Workspaces_ros2/ros2_py_ws/build/udemy_ros2_pkg
